app/build/intermediates/manifest_merge_blame_file/debug/manifest-merger-blame-debug-report.txt
1<?xml version="1.0" encoding="utf-8"?>
2<manifest xmlns:android="http://schemas.android.com/apk/res/android"
3    package="com.dominate.caravan"
4    android:versionCode="1"
5    android:versionName="1.0" >
6
7    <uses-sdk
8        android:minSdkVersion="23"
8-->src\main\AndroidManifest.xml
9        android:targetSdkVersion="30" />
9-->src\main\AndroidManifest.xml
10
11    <uses-permission android:name="android.permission.ACCESS_FINE_LOCATION" />
11-->src\main\AndroidManifest.xml:5:5-79
11-->src\main\AndroidManifest.xml:5:22-76
12    <uses-permission android:name="android.permission.INTERNET" />
12-->src\main\AndroidManifest.xml:6:5-67
12-->src\main\AndroidManifest.xml:6:22-64
13    <uses-permission android:name="android:networkSecurityConfig=@xml/security_config" />
13-->src\main\AndroidManifest.xml:7:5-90
13-->src\main\AndroidManifest.xml:7:22-87
14    <uses-permission android:name="android:usesCleartextTraffic=true" />
14-->src\main\AndroidManifest.xml:8:5-73
14-->src\main\AndroidManifest.xml:8:22-70
15    <uses-permission android:name="android.permission.ACCESS_NETWORK_STATE" />
15-->src\main\AndroidManifest.xml:9:5-79
15-->src\main\AndroidManifest.xml:9:22-76
16    <uses-permission android:name="android.permission.ACCESS_COARSE_LOCATION" />
16-->src\main\AndroidManifest.xml:10:5-81
16-->src\main\AndroidManifest.xml:10:22-78
17    <uses-permission android:name="android.permission.READ_EXTERNAL_STORAGE" />
17-->[com.github.dhaval2404:imagepicker-support:1.7.1] AndroidManifest.xml:11:5-80
17-->[com.github.dhaval2404:imagepicker-support:1.7.1] AndroidManifest.xml:11:22-77
18    <uses-permission android:name="android.permission.WRITE_EXTERNAL_STORAGE" />
18-->[com.github.dhaval2404:imagepicker-support:1.7.1] AndroidManifest.xml:12:5-81
18-->[com.github.dhaval2404:imagepicker-support:1.7.1] AndroidManifest.xml:12:22-78
19    <uses-permission android:name="android.permission.CAMERA" />
19-->[com.github.esafirm.android-image-picker:imagepicker:2.4.0] AndroidManifest.xml:13:5-65
19-->[com.github.esafirm.android-image-picker:imagepicker:2.4.0] AndroidManifest.xml:13:22-62
20
21    <uses-feature
21-->[com.google.android.gms:play-services-maps:18.2.0] AndroidManifest.xml:26:5-28:35
22        android:glEsVersion="0x00020000"
22-->[com.google.android.gms:play-services-maps:18.2.0] AndroidManifest.xml:27:9-41
23        android:required="true" />
23-->[com.google.android.gms:play-services-maps:18.2.0] AndroidManifest.xml:28:9-32
24
25    <queries>
25-->[com.google.android.gms:play-services-maps:18.2.0] AndroidManifest.xml:30:5-34:15
26
27        <!-- Needs to be explicitly declared on Android R+ -->
28        <package android:name="com.google.android.apps.maps" />
28-->[com.google.android.gms:play-services-maps:18.2.0] AndroidManifest.xml:33:9-64
28-->[com.google.android.gms:play-services-maps:18.2.0] AndroidManifest.xml:33:18-61
29    </queries>
30
31    <application
31-->src\main\AndroidManifest.xml:12:5-50:19
32        android:name="com.dominate.caravan.CaravanApp"
32-->src\main\AndroidManifest.xml:13:9-55
33        android:allowBackup="true"
33-->src\main\AndroidManifest.xml:14:9-35
34        android:appComponentFactory="androidx.core.app.CoreComponentFactory"
34-->[androidx.core:core:1.3.2] AndroidManifest.xml:24:18-86
35        android:debuggable="true"
36        android:extractNativeLibs="false"
37        android:icon="@mipmap/ic_launcher"
37-->src\main\AndroidManifest.xml:15:9-43
38        android:label="@string/app_name"
38-->src\main\AndroidManifest.xml:16:9-41
39        android:requestLegacyExternalStorage="true"
39-->src\main\AndroidManifest.xml:17:9-52
40        android:roundIcon="@mipmap/ic_launcher_round"
40-->src\main\AndroidManifest.xml:18:9-54
41        android:supportsRtl="true"
41-->src\main\AndroidManifest.xml:19:9-35
42        android:theme="@style/HomeTheme"
42-->src\main\AndroidManifest.xml:20:9-41
43        android:usesCleartextTraffic="true" >
43-->src\main\AndroidManifest.xml:21:9-44
44
45        <!--
46             TODO: Before you run your application, you need a Google Maps API key.
47
48             To get one, follow the directions here:
49
50                https://developers.google.com/maps/documentation/android-sdk/get-api-key
51
52             Once you have your API key (it starts with "AIza"), define a new property in your
53             project's local.properties file (e.g. MAPS_API_KEY=Aiza...), and replace the
54             "YOUR_API_KEY" string in this file with "${MAPS_API_KEY}".
55        -->
56        <meta-data
56-->src\main\AndroidManifest.xml:34:9-36:71
57            android:name="com.google.android.geo.API_KEY"
57-->src\main\AndroidManifest.xml:35:13-58
58            android:value="AIzaSyD8QrczlhLWxM59xSF0zMhuIYRFZkQFW1A" />
58-->src\main\AndroidManifest.xml:36:13-68
59
60        <activity
60-->src\main\AndroidManifest.xml:38:9-49:20
61            android:name="com.dominate.caravan.ui.home.HomeActivity"
61-->src\main\AndroidManifest.xml:39:13-69
62            android:configChanges="uiMode"
62-->src\main\AndroidManifest.xml:40:13-43
63            android:exported="true"
63-->src\main\AndroidManifest.xml:41:13-36
64            android:screenOrientation="portrait"
64-->src\main\AndroidManifest.xml:42:13-49
65            android:windowSoftInputMode="adjustPan" >
65-->src\main\AndroidManifest.xml:43:13-52
66            <intent-filter>
66-->src\main\AndroidManifest.xml:44:13-48:29
67                <action android:name="android.intent.action.MAIN" />
67-->src\main\AndroidManifest.xml:45:17-69
67-->src\main\AndroidManifest.xml:45:25-66
68
69                <category android:name="android.intent.category.LAUNCHER" />
69-->src\main\AndroidManifest.xml:47:17-77
69-->src\main\AndroidManifest.xml:47:27-74
70            </intent-filter>
71        </activity>
72
73        <provider
73-->[com.squareup.picasso:picasso:2.71828] AndroidManifest.xml:8:9-11:40
74            android:name="com.squareup.picasso.PicassoProvider"
74-->[com.squareup.picasso:picasso:2.71828] AndroidManifest.xml:9:13-64
75            android:authorities="com.dominate.caravan.com.squareup.picasso"
75-->[com.squareup.picasso:picasso:2.71828] AndroidManifest.xml:10:13-72
76            android:exported="false" />
76-->[com.squareup.picasso:picasso:2.71828] AndroidManifest.xml:11:13-37
77
78        <activity
78-->[com.github.dhaval2404:imagepicker-support:1.7.1] AndroidManifest.xml:15:9-18:68
79            android:name="com.github.dhaval2404.imagepicker.ImagePickerActivity"
79-->[com.github.dhaval2404:imagepicker-support:1.7.1] AndroidManifest.xml:16:13-81
80            android:screenOrientation="unspecified"
80-->[com.github.dhaval2404:imagepicker-support:1.7.1] AndroidManifest.xml:17:13-52
81            android:theme="@style/Theme.Transparent.ImagePicker" />
81-->[com.github.dhaval2404:imagepicker-support:1.7.1] AndroidManifest.xml:18:13-65
82        <activity
82-->[com.github.dhaval2404:imagepicker-support:1.7.1] AndroidManifest.xml:19:9-22:72
83            android:name="com.yalantis.ucrop.UCropActivity"
83-->[com.github.dhaval2404:imagepicker-support:1.7.1] AndroidManifest.xml:20:13-60
84            android:screenOrientation="portrait"
84-->[com.github.dhaval2404:imagepicker-support:1.7.1] AndroidManifest.xml:21:13-49
85            android:theme="@style/Theme.AppCompat.Light.NoActionBar" />
85-->[com.github.dhaval2404:imagepicker-support:1.7.1] AndroidManifest.xml:22:13-69
86
87        <provider
87-->[com.github.dhaval2404:imagepicker-support:1.7.1] AndroidManifest.xml:24:9-32:20
88            android:name="com.github.dhaval2404.imagepicker.ImagePickerFileProvider"
88-->[com.github.dhaval2404:imagepicker-support:1.7.1] AndroidManifest.xml:25:13-85
89            android:authorities="com.dominate.caravan.imagepicker.provider"
89-->[com.github.dhaval2404:imagepicker-support:1.7.1] AndroidManifest.xml:26:13-72
90            android:exported="false"
90-->[com.github.dhaval2404:imagepicker-support:1.7.1] AndroidManifest.xml:27:13-37
91            android:grantUriPermissions="true" >
91-->[com.github.dhaval2404:imagepicker-support:1.7.1] AndroidManifest.xml:28:13-47
92            <meta-data
92-->[com.github.dhaval2404:imagepicker-support:1.7.1] AndroidManifest.xml:29:13-31:71
93                android:name="android.support.FILE_PROVIDER_PATHS"
93-->[com.github.dhaval2404:imagepicker-support:1.7.1] AndroidManifest.xml:30:17-67
94                android:resource="@xml/image_picker_provider_paths" />
94-->[com.github.dhaval2404:imagepicker-support:1.7.1] AndroidManifest.xml:31:17-68
95        </provider>
96
97        <activity
97-->[io.github.ivanespitiac:imageslider:1.0.3] AndroidManifest.xml:14:9-16:75
98            android:name="com.custom.sliderimage.activities.FullScreenImageActivity"
98-->[io.github.ivanespitiac:imageslider:1.0.3] AndroidManifest.xml:15:13-85
99            android:theme="@style/Theme.AppCompat.DayNight.NoActionBar" />
99-->[io.github.ivanespitiac:imageslider:1.0.3] AndroidManifest.xml:16:13-72
100        <activity
100-->[com.github.esafirm.android-image-picker:imagepicker:2.4.0] AndroidManifest.xml:16:9-19:50
101            android:name="com.esafirm.imagepicker.features.ImagePickerActivity"
101-->[com.github.esafirm.android-image-picker:imagepicker:2.4.0] AndroidManifest.xml:17:13-80
102            android:configChanges="orientation|screenSize"
102-->[com.github.esafirm.android-image-picker:imagepicker:2.4.0] AndroidManifest.xml:18:13-59
103            android:theme="@style/ef_AppTheme" />
103-->[com.github.esafirm.android-image-picker:imagepicker:2.4.0] AndroidManifest.xml:19:13-47
104
105        <provider
105-->[com.github.esafirm.android-image-picker:imagepicker:2.4.0] AndroidManifest.xml:21:9-29:20
106            android:name="com.esafirm.imagepicker.helper.ImagePickerFileProvider"
106-->[com.github.esafirm.android-image-picker:imagepicker:2.4.0] AndroidManifest.xml:22:13-82
107            android:authorities="com.dominate.caravan.imagepicker.provider"
107-->[com.github.esafirm.android-image-picker:imagepicker:2.4.0] AndroidManifest.xml:23:13-72
108            android:exported="false"
108-->[com.github.esafirm.android-image-picker:imagepicker:2.4.0] AndroidManifest.xml:24:13-37
109            android:grantUriPermissions="true" >
109-->[com.github.esafirm.android-image-picker:imagepicker:2.4.0] AndroidManifest.xml:25:13-47
110            <meta-data
110-->[com.github.dhaval2404:imagepicker-support:1.7.1] AndroidManifest.xml:29:13-31:71
111                android:name="android.support.FILE_PROVIDER_PATHS"
111-->[com.github.dhaval2404:imagepicker-support:1.7.1] AndroidManifest.xml:30:17-67
112                android:resource="@xml/image_picker_provider_paths" />
112-->[com.github.dhaval2404:imagepicker-support:1.7.1] AndroidManifest.xml:31:17-68
113        </provider>
114
115        <activity
115-->[pub.devrel:easypermissions:3.0.0] AndroidManifest.xml:12:9-16:66
116            android:name="pub.devrel.easypermissions.AppSettingsDialogHolderActivity"
116-->[pub.devrel:easypermissions:3.0.0] AndroidManifest.xml:13:13-86
117            android:exported="false"
117-->[pub.devrel:easypermissions:3.0.0] AndroidManifest.xml:14:13-37
118            android:label=""
118-->[pub.devrel:easypermissions:3.0.0] AndroidManifest.xml:15:13-29
119            android:theme="@style/EasyPermissions.Transparent" /> <!-- Needs to be explicitly declared on P+ -->
119-->[pub.devrel:easypermissions:3.0.0] AndroidManifest.xml:16:13-63
120        <uses-library
120-->[com.google.android.gms:play-services-maps:18.2.0] AndroidManifest.xml:39:9-41:40
121            android:name="org.apache.http.legacy"
121-->[com.google.android.gms:play-services-maps:18.2.0] AndroidManifest.xml:40:13-50
122            android:required="false" />
122-->[com.google.android.gms:play-services-maps:18.2.0] AndroidManifest.xml:41:13-37
123
124        <service
124-->[androidx.room:room-runtime:2.2.5] AndroidManifest.xml:25:9-28:40
125            android:name="androidx.room.MultiInstanceInvalidationService"
125-->[androidx.room:room-runtime:2.2.5] AndroidManifest.xml:26:13-74
126            android:directBootAware="true"
126-->[androidx.room:room-runtime:2.2.5] AndroidManifest.xml:27:13-43
127            android:exported="false" />
127-->[androidx.room:room-runtime:2.2.5] AndroidManifest.xml:28:13-37
128        <service
128-->[com.google.android.gms:play-services-mlkit-text-recognition:16.1.3] AndroidManifest.xml:9:9-15:19
129            android:name="com.google.mlkit.common.internal.MlKitComponentDiscoveryService"
129-->[com.google.android.gms:play-services-mlkit-text-recognition:16.1.3] AndroidManifest.xml:10:13-91
130            android:directBootAware="true"
130-->[com.google.mlkit:common:17.1.1] AndroidManifest.xml:17:13-43
131            android:exported="false" >
131-->[com.google.android.gms:play-services-mlkit-text-recognition:16.1.3] AndroidManifest.xml:11:13-37
132            <meta-data
132-->[com.google.android.gms:play-services-mlkit-text-recognition:16.1.3] AndroidManifest.xml:12:13-14:85
133                android:name="com.google.firebase.components:com.google.mlkit.vision.text.internal.TextRegistrar"
133-->[com.google.android.gms:play-services-mlkit-text-recognition:16.1.3] AndroidManifest.xml:13:17-114
134                android:value="com.google.firebase.components.ComponentRegistrar" />
134-->[com.google.android.gms:play-services-mlkit-text-recognition:16.1.3] AndroidManifest.xml:14:17-82
135            <meta-data
135-->[com.google.mlkit:vision-common:16.3.0] AndroidManifest.xml:12:13-14:85
136                android:name="com.google.firebase.components:com.google.mlkit.vision.common.internal.VisionCommonRegistrar"
136-->[com.google.mlkit:vision-common:16.3.0] AndroidManifest.xml:13:17-124
137                android:value="com.google.firebase.components.ComponentRegistrar" />
137-->[com.google.mlkit:vision-common:16.3.0] AndroidManifest.xml:14:17-82
138            <meta-data
138-->[com.google.mlkit:common:17.1.1] AndroidManifest.xml:20:13-22:85
139                android:name="com.google.firebase.components:com.google.mlkit.common.internal.CommonComponentRegistrar"
139-->[com.google.mlkit:common:17.1.1] AndroidManifest.xml:21:17-120
140                android:value="com.google.firebase.components.ComponentRegistrar" />
140-->[com.google.mlkit:common:17.1.1] AndroidManifest.xml:22:17-82
141        </service>
142
143        <provider
143-->[com.google.mlkit:common:17.1.1] AndroidManifest.xml:9:9-13:38
144            android:name="com.google.mlkit.common.internal.MlKitInitProvider"
144-->[com.google.mlkit:common:17.1.1] AndroidManifest.xml:10:13-78
145            android:authorities="com.dominate.caravan.mlkitinitprovider"
145-->[com.google.mlkit:common:17.1.1] AndroidManifest.xml:11:13-69
146            android:exported="false"
146-->[com.google.mlkit:common:17.1.1] AndroidManifest.xml:12:13-37
147            android:initOrder="99" />
147-->[com.google.mlkit:common:17.1.1] AndroidManifest.xml:13:13-35
148
149        <activity
149-->[com.google.android.gms:play-services-base:18.1.0] AndroidManifest.xml:20:9-22:45
150            android:name="com.google.android.gms.common.api.GoogleApiActivity"
150-->[com.google.android.gms:play-services-base:18.1.0] AndroidManifest.xml:20:19-85
151            android:exported="false"
151-->[com.google.android.gms:play-services-base:18.1.0] AndroidManifest.xml:22:19-43
152            android:theme="@android:style/Theme.Translucent.NoTitleBar" />
152-->[com.google.android.gms:play-services-base:18.1.0] AndroidManifest.xml:21:19-78
153
154        <meta-data
154-->[com.google.android.gms:play-services-basement:18.1.0] AndroidManifest.xml:21:9-23:69
155            android:name="com.google.android.gms.version"
155-->[com.google.android.gms:play-services-basement:18.1.0] AndroidManifest.xml:22:13-58
156            android:value="@integer/google_play_services_version" />
156-->[com.google.android.gms:play-services-basement:18.1.0] AndroidManifest.xml:23:13-66
157
158        <service
158-->[com.google.android.datatransport:transport-backend-cct:2.3.2] AndroidManifest.xml:29:9-35:19
159            android:name="com.google.android.datatransport.runtime.backends.TransportBackendDiscovery"
159-->[com.google.android.datatransport:transport-backend-cct:2.3.2] AndroidManifest.xml:30:13-103
160            android:exported="false" >
160-->[com.google.android.datatransport:transport-backend-cct:2.3.2] AndroidManifest.xml:31:13-37
161            <meta-data
161-->[com.google.android.datatransport:transport-backend-cct:2.3.2] AndroidManifest.xml:32:13-34:39
162                android:name="backend:com.google.android.datatransport.cct.CctBackendFactory"
162-->[com.google.android.datatransport:transport-backend-cct:2.3.2] AndroidManifest.xml:33:17-94
163                android:value="cct" />
163-->[com.google.android.datatransport:transport-backend-cct:2.3.2] AndroidManifest.xml:34:17-36
164        </service>
165        <service
165-->[com.google.android.datatransport:transport-runtime:2.2.5] AndroidManifest.xml:26:9-30:19
166            android:name="com.google.android.datatransport.runtime.scheduling.jobscheduling.JobInfoSchedulerService"
166-->[com.google.android.datatransport:transport-runtime:2.2.5] AndroidManifest.xml:27:13-117
167            android:exported="false"
167-->[com.google.android.datatransport:transport-runtime:2.2.5] AndroidManifest.xml:28:13-37
168            android:permission="android.permission.BIND_JOB_SERVICE" >
168-->[com.google.android.datatransport:transport-runtime:2.2.5] AndroidManifest.xml:29:13-69
169        </service>
170
171        <receiver
171-->[com.google.android.datatransport:transport-runtime:2.2.5] AndroidManifest.xml:32:9-34:40
172            android:name="com.google.android.datatransport.runtime.scheduling.jobscheduling.AlarmManagerSchedulerBroadcastReceiver"
172-->[com.google.android.datatransport:transport-runtime:2.2.5] AndroidManifest.xml:33:13-132
173            android:exported="false" />
173-->[com.google.android.datatransport:transport-runtime:2.2.5] AndroidManifest.xml:34:13-37
174    </application>
175
176</manifest>